<?xml version="1.0" encoding="UTF-8"?>
<!-- Generated by org.testng.reporters.JUnitReportReporter -->
<testsuite skipped="0" hostname="INLH104910" name="com.sundayspecial.testcases.Testcase1" tests="1" failures="0" timestamp="2020-05-20T15:23:01 IST" time="14.137" errors="0">
  <testcase name="testflow" time="14.137" classname="com.sundayspecial.testcases.Testcase1"/>
</testsuite> <!-- com.sundayspecial.testcases.Testcase1 -->
